2025-07-10 14:20:43,627 INFO o.a.j.u.JMeterUtils: Setting Locale to en_EN
2025-07-10 14:20:43,641 INFO o.a.j.JMeter: Loading user properties from: D:\apache-jmeter-5.6.3\bin\user.properties
2025-07-10 14:20:43,641 INFO o.a.j.JMeter: Loading system properties from: D:\apache-jmeter-5.6.3\bin\system.properties
2025-07-10 14:20:43,647 INFO o.a.j.JMeter: Copyright (c) 1998-2024 The Apache Software Foundation
2025-07-10 14:20:43,647 INFO o.a.j.JMeter: Version 5.6.3
2025-07-10 14:20:43,647 INFO o.a.j.JMeter: java.version=21.0.2
2025-07-10 14:20:43,647 INFO o.a.j.JMeter: java.vm.name=Java HotSpot(TM) 64-Bit Server VM
2025-07-10 14:20:43,647 INFO o.a.j.JMeter: os.name=Windows 10
2025-07-10 14:20:43,647 INFO o.a.j.JMeter: os.arch=amd64
2025-07-10 14:20:43,647 INFO o.a.j.JMeter: os.version=10.0
2025-07-10 14:20:43,647 INFO o.a.j.JMeter: file.encoding=UTF-8
2025-07-10 14:20:43,647 INFO o.a.j.JMeter: java.awt.headless=true
2025-07-10 14:20:43,647 INFO o.a.j.JMeter: Max memory     =1073741824
2025-07-10 14:20:43,647 INFO o.a.j.JMeter: Available Processors =12
2025-07-10 14:20:43,654 INFO o.a.j.JMeter: Default Locale=English (EN)
2025-07-10 14:20:43,654 INFO o.a.j.JMeter: JMeter  Locale=English (EN)
2025-07-10 14:20:43,654 INFO o.a.j.JMeter: JMeterHome=D:\apache-jmeter-5.6.3
2025-07-10 14:20:43,655 INFO o.a.j.JMeter: user.dir  =D:\apache-jmeter-5.6.3\bin\jmeter-performance-test
2025-07-10 14:20:43,655 INFO o.a.j.JMeter: PWD       =D:\apache-jmeter-5.6.3\bin\jmeter-performance-test
2025-07-10 14:20:43,657 INFO o.a.j.JMeter: IP: 192.168.0.101 Name: DESKTOP-2JVL9IO FullName: DESKTOP-2JVL9IO
2025-07-10 14:20:43,667 INFO o.a.j.JMeter: Setting property 'jmeter.reportgenerator.outputdir' to:'D:\apache-jmeter-5.6.3\bin\jmeter-performance-test\HTMLReport'
2025-07-10 14:20:43,669 INFO o.a.j.s.FileServer: Default base='D:\apache-jmeter-5.6.3\bin\jmeter-performance-test'
2025-07-10 14:20:43,670 INFO o.a.j.s.FileServer: Set new base='D:\apache-jmeter-5.6.3\bin\jmeter-performance-test'
2025-07-10 14:20:43,815 INFO o.a.j.s.SaveService: Testplan (JMX) version: 2.2. Testlog (JTL) version: 2.2
2025-07-10 14:20:43,841 INFO o.a.j.s.SaveService: Using SaveService properties version 5.0
2025-07-10 14:20:43,844 INFO o.a.j.s.SaveService: Using SaveService properties file encoding UTF-8
2025-07-10 14:20:43,846 INFO o.a.j.s.SaveService: Loading file: first_test_plan.jmx
2025-07-10 14:20:43,895 INFO o.a.j.p.h.s.HTTPSamplerBase: Parser for text/html is org.apache.jmeter.protocol.http.parser.LagartoBasedHtmlParser
2025-07-10 14:20:43,895 INFO o.a.j.p.h.s.HTTPSamplerBase: Parser for application/xhtml+xml is org.apache.jmeter.protocol.http.parser.LagartoBasedHtmlParser
2025-07-10 14:20:43,895 INFO o.a.j.p.h.s.HTTPSamplerBase: Parser for application/xml is org.apache.jmeter.protocol.http.parser.LagartoBasedHtmlParser
2025-07-10 14:20:43,895 INFO o.a.j.p.h.s.HTTPSamplerBase: Parser for text/xml is org.apache.jmeter.protocol.http.parser.LagartoBasedHtmlParser
2025-07-10 14:20:43,895 INFO o.a.j.p.h.s.HTTPSamplerBase: Parser for text/vnd.wap.wml is org.apache.jmeter.protocol.http.parser.RegexpHTMLParser
2025-07-10 14:20:43,895 INFO o.a.j.p.h.s.HTTPSamplerBase: Parser for text/css is org.apache.jmeter.protocol.http.parser.CssParser
2025-07-10 14:20:43,919 INFO o.a.j.JMeter: Creating summariser <summary>
2025-07-10 14:20:43,924 INFO o.a.j.r.d.ReportGenerator: ReportGenerator will use for Parsing the separator: ','
2025-07-10 14:20:43,924 INFO o.a.j.r.d.ReportGenerator: Will generate report at end of test from  results file: result.jtl
2025-07-10 14:20:43,924 INFO o.a.j.r.d.ReportGenerator: Reading report generator properties from: D:\apache-jmeter-5.6.3\bin\reportgenerator.properties
2025-07-10 14:20:43,925 INFO o.a.j.r.d.ReportGenerator: Merging with JMeter properties
2025-07-10 14:20:43,928 INFO o.a.j.r.c.ReportGeneratorConfiguration: Property 'jmeter.reportgenerator.temp_dir' not found, using default value 'temp' instead.
2025-07-10 14:20:43,929 INFO o.a.j.r.c.ReportGeneratorConfiguration: Property 'jmeter.reportgenerator.apdex_per_transaction' not found, using default value 'null' instead.
2025-07-10 14:20:43,930 INFO o.a.j.r.c.ReportGeneratorConfiguration: apdex_per_transaction is empty, not APDEX per transaction customization
2025-07-10 14:20:43,930 INFO o.a.j.r.c.ReportGeneratorConfiguration: Property 'jmeter.reportgenerator.sample_filter' not found, using default value 'null' instead.
2025-07-10 14:20:43,930 INFO o.a.j.r.c.ReportGeneratorConfiguration: Property 'jmeter.reportgenerator.report_title' not found, using default value 'null' instead.
2025-07-10 14:20:43,930 INFO o.a.j.r.c.ReportGeneratorConfiguration: Property 'jmeter.reportgenerator.start_date' not found, using default value 'null' instead.
2025-07-10 14:20:43,930 INFO o.a.j.r.c.ReportGeneratorConfiguration: Property 'jmeter.reportgenerator.end_date' not found, using default value 'null' instead.
2025-07-10 14:20:43,930 INFO o.a.j.r.c.ReportGeneratorConfiguration: Property 'jmeter.reportgenerator.date_format' not found, using default value 'null' instead.
2025-07-10 14:20:43,930 INFO o.a.j.r.c.ReportGeneratorConfiguration: Will use date range start date: null, end date: null
2025-07-10 14:20:43,933 INFO o.a.j.r.c.ReportGeneratorConfiguration: Property 'jmeter.reportgenerator.graph.totalTPS.exclude_controllers' not found, using default value 'false' instead.
2025-07-10 14:20:43,933 INFO o.a.j.r.c.ReportGeneratorConfiguration: Property 'jmeter.reportgenerator.graph.activeThreadsOverTime.exclude_controllers' not found, using default value 'false' instead.
2025-07-10 14:20:43,933 INFO o.a.j.r.c.ReportGeneratorConfiguration: Property 'jmeter.reportgenerator.graph.timeVsThreads.exclude_controllers' not found, using default value 'false' instead.
2025-07-10 14:20:43,933 INFO o.a.j.r.c.ReportGeneratorConfiguration: Property 'jmeter.reportgenerator.graph.responseTimeDistribution.exclude_controllers' not found, using default value 'false' instead.
2025-07-10 14:20:43,933 INFO o.a.j.r.c.ReportGeneratorConfiguration: Property 'jmeter.reportgenerator.graph.transactionsPerSecond.exclude_controllers' not found, using default value 'false' instead.
2025-07-10 14:20:43,933 INFO o.a.j.r.c.ReportGeneratorConfiguration: Property 'jmeter.reportgenerator.graph.responseTimePercentiles.exclude_controllers' not found, using default value 'false' instead.
2025-07-10 14:20:43,933 INFO o.a.j.r.c.ReportGeneratorConfiguration: Property 'jmeter.reportgenerator.graph.responseTimePercentilesOverTime.exclude_controllers' not found, using default value 'false' instead.
2025-07-10 14:20:43,934 INFO o.a.j.r.c.ReportGeneratorConfiguration: Property 'jmeter.reportgenerator.graph.responseTimesOverTime.exclude_controllers' not found, using default value 'false' instead.
2025-07-10 14:20:43,934 INFO o.a.j.r.c.ReportGeneratorConfiguration: Property 'jmeter.reportgenerator.graph.connectTimeOverTime.exclude_controllers' not found, using default value 'false' instead.
2025-07-10 14:20:43,934 INFO o.a.j.r.c.ReportGeneratorConfiguration: Property 'jmeter.reportgenerator.graph.latenciesOverTime.exclude_controllers' not found, using default value 'false' instead.
2025-07-10 14:20:43,934 INFO o.a.j.r.c.ReportGeneratorConfiguration: Property 'jmeter.reportgenerator.exporter.json.filters_only_sample_series' not found, using default value 'true' instead.
2025-07-10 14:20:43,935 INFO o.a.j.r.c.ReportGeneratorConfiguration: Property 'jmeter.reportgenerator.exporter.json.series_filter' not found, using default value '' instead.
2025-07-10 14:20:43,935 INFO o.a.j.r.c.ReportGeneratorConfiguration: Property 'jmeter.reportgenerator.exporter.json.show_controllers_only' not found, using default value 'false' instead.
2025-07-10 14:20:43,935 INFO o.a.j.r.c.ReportGeneratorConfiguration: Property 'jmeter.reportgenerator.exporter.html.filters_only_sample_series' not found, using default value 'true' instead.
2025-07-10 14:20:43,935 INFO o.a.j.r.c.ReportGeneratorConfiguration: Property 'jmeter.reportgenerator.exporter.html.series_filter' not found, using default value '' instead.
2025-07-10 14:20:43,935 INFO o.a.j.r.c.ReportGeneratorConfiguration: Property 'jmeter.reportgenerator.exporter.html.show_controllers_only' not found, using default value 'false' instead.
2025-07-10 14:20:43,946 INFO o.a.j.e.StandardJMeterEngine: Running the test!
2025-07-10 14:20:43,946 INFO o.a.j.s.SampleEvent: List of sample_variables: []
2025-07-10 14:20:43,946 INFO o.a.j.s.SampleEvent: List of sample_variables: []
2025-07-10 14:20:43,950 INFO o.a.j.e.u.CompoundVariable: Note: Function class names must contain the string: '.functions.'
2025-07-10 14:20:43,950 INFO o.a.j.e.u.CompoundVariable: Note: Function class names must not contain the string: '.gui.'
2025-07-10 14:20:44,007 INFO o.a.j.JMeter: Running test (1752137444007)
2025-07-10 14:20:44,022 INFO o.a.j.e.StandardJMeterEngine: Starting ThreadGroup: 1 : Thread Group
2025-07-10 14:20:44,022 INFO o.a.j.e.StandardJMeterEngine: Starting 100 threads for group Thread Group.
2025-07-10 14:20:44,022 INFO o.a.j.e.StandardJMeterEngine: Thread will continue on error
2025-07-10 14:20:44,022 INFO o.a.j.t.ThreadGroup: Starting thread group... number=1 threads=100 ramp-up=30 delayedStart=false
2025-07-10 14:20:44,028 INFO o.a.j.t.JMeterThread: Thread started: Thread Group 1-1
2025-07-10 14:20:44,043 INFO o.a.j.p.h.s.HTTPHCAbstractImpl: Local host = DESKTOP-2JVL9IO
2025-07-10 14:20:44,046 INFO o.a.j.t.ThreadGroup: Started thread group number 1
2025-07-10 14:20:44,046 INFO o.a.j.e.StandardJMeterEngine: All thread groups have been started
2025-07-10 14:20:44,048 INFO o.a.j.p.h.s.HTTPHC4Impl: HTTP request retry count = 0
2025-07-10 14:20:44,050 INFO o.a.j.s.SampleResult: Note: Sample TimeStamps are START times
2025-07-10 14:20:44,050 INFO o.a.j.s.SampleResult: sampleresult.default.encoding is set to UTF-8
2025-07-10 14:20:44,050 INFO o.a.j.s.SampleResult: sampleresult.useNanoTime=true
2025-07-10 14:20:44,050 INFO o.a.j.s.SampleResult: sampleresult.nanoThreadSleep=5000
2025-07-10 14:20:44,326 INFO o.a.j.t.JMeterThread: Thread started: Thread Group 1-2
2025-07-10 14:20:44,626 INFO o.a.j.t.JMeterThread: Thread started: Thread Group 1-3
2025-07-10 14:20:44,666 INFO o.a.j.t.JMeterThread: Thread is done: Thread Group 1-1
2025-07-10 14:20:44,666 INFO o.a.j.t.JMeterThread: Thread finished: Thread Group 1-1
2025-07-10 14:20:44,671 INFO o.a.j.t.JMeterThread: Thread is done: Thread Group 1-3
2025-07-10 14:20:44,672 INFO o.a.j.t.JMeterThread: Thread finished: Thread Group 1-3
2025-07-10 14:20:44,739 INFO o.a.j.t.JMeterThread: Thread is done: Thread Group 1-2
2025-07-10 14:20:44,739 INFO o.a.j.t.JMeterThread: Thread finished: Thread Group 1-2
2025-07-10 14:20:44,925 INFO o.a.j.t.JMeterThread: Thread started: Thread Group 1-4
2025-07-10 14:20:44,954 INFO o.a.j.t.JMeterThread: Thread is done: Thread Group 1-4
2025-07-10 14:20:44,955 INFO o.a.j.t.JMeterThread: Thread finished: Thread Group 1-4
2025-07-10 14:20:45,226 INFO o.a.j.t.JMeterThread: Thread started: Thread Group 1-5
2025-07-10 14:20:45,255 INFO o.a.j.t.JMeterThread: Thread is done: Thread Group 1-5
2025-07-10 14:20:45,255 INFO o.a.j.t.JMeterThread: Thread finished: Thread Group 1-5
2025-07-10 14:20:45,524 INFO o.a.j.t.JMeterThread: Thread started: Thread Group 1-6
2025-07-10 14:20:45,760 INFO o.a.j.t.JMeterThread: Thread is done: Thread Group 1-6
2025-07-10 14:20:45,760 INFO o.a.j.t.JMeterThread: Thread finished: Thread Group 1-6
2025-07-10 14:20:45,825 INFO o.a.j.t.JMeterThread: Thread started: Thread Group 1-7
2025-07-10 14:20:45,858 INFO o.a.j.t.JMeterThread: Thread is done: Thread Group 1-7
2025-07-10 14:20:45,858 INFO o.a.j.t.JMeterThread: Thread finished: Thread Group 1-7
2025-07-10 14:20:46,124 INFO o.a.j.t.JMeterThread: Thread started: Thread Group 1-8
2025-07-10 14:20:46,162 INFO o.a.j.t.JMeterThread: Thread is done: Thread Group 1-8
2025-07-10 14:20:46,162 INFO o.a.j.t.JMeterThread: Thread finished: Thread Group 1-8
2025-07-10 14:20:46,423 INFO o.a.j.t.JMeterThread: Thread started: Thread Group 1-9
2025-07-10 14:20:46,454 INFO o.a.j.t.JMeterThread: Thread is done: Thread Group 1-9
2025-07-10 14:20:46,454 INFO o.a.j.t.JMeterThread: Thread finished: Thread Group 1-9
2025-07-10 14:20:46,723 INFO o.a.j.t.JMeterThread: Thread started: Thread Group 1-10
2025-07-10 14:20:46,940 INFO o.a.j.t.JMeterThread: Thread is done: Thread Group 1-10
2025-07-10 14:20:46,940 INFO o.a.j.t.JMeterThread: Thread finished: Thread Group 1-10
2025-07-10 14:20:47,022 INFO o.a.j.t.JMeterThread: Thread started: Thread Group 1-11
2025-07-10 14:20:47,053 INFO o.a.j.t.JMeterThread: Thread is done: Thread Group 1-11
2025-07-10 14:20:47,053 INFO o.a.j.t.JMeterThread: Thread finished: Thread Group 1-11
2025-07-10 14:20:47,323 INFO o.a.j.t.JMeterThread: Thread started: Thread Group 1-12
2025-07-10 14:20:47,364 INFO o.a.j.t.JMeterThread: Thread is done: Thread Group 1-12
2025-07-10 14:20:47,364 INFO o.a.j.t.JMeterThread: Thread finished: Thread Group 1-12
2025-07-10 14:20:47,623 INFO o.a.j.t.JMeterThread: Thread started: Thread Group 1-13
2025-07-10 14:20:47,648 INFO o.a.j.t.JMeterThread: Thread is done: Thread Group 1-13
2025-07-10 14:20:47,649 INFO o.a.j.t.JMeterThread: Thread finished: Thread Group 1-13
2025-07-10 14:20:47,923 INFO o.a.j.t.JMeterThread: Thread started: Thread Group 1-14
2025-07-10 14:20:47,951 INFO o.a.j.t.JMeterThread: Thread is done: Thread Group 1-14
2025-07-10 14:20:47,951 INFO o.a.j.t.JMeterThread: Thread finished: Thread Group 1-14
2025-07-10 14:20:48,223 INFO o.a.j.t.JMeterThread: Thread started: Thread Group 1-15
2025-07-10 14:20:48,261 INFO o.a.j.t.JMeterThread: Thread is done: Thread Group 1-15
2025-07-10 14:20:48,261 INFO o.a.j.t.JMeterThread: Thread finished: Thread Group 1-15
2025-07-10 14:20:48,523 INFO o.a.j.t.JMeterThread: Thread started: Thread Group 1-16
2025-07-10 14:20:48,757 INFO o.a.j.t.JMeterThread: Thread is done: Thread Group 1-16
2025-07-10 14:20:48,757 INFO o.a.j.t.JMeterThread: Thread finished: Thread Group 1-16
2025-07-10 14:20:48,822 INFO o.a.j.t.JMeterThread: Thread started: Thread Group 1-17
2025-07-10 14:20:48,848 INFO o.a.j.t.JMeterThread: Thread is done: Thread Group 1-17
2025-07-10 14:20:48,848 INFO o.a.j.t.JMeterThread: Thread finished: Thread Group 1-17
2025-07-10 14:20:49,122 INFO o.a.j.t.JMeterThread: Thread started: Thread Group 1-18
2025-07-10 14:20:49,146 INFO o.a.j.t.JMeterThread: Thread is done: Thread Group 1-18
2025-07-10 14:20:49,146 INFO o.a.j.t.JMeterThread: Thread finished: Thread Group 1-18
2025-07-10 14:20:49,423 INFO o.a.j.t.JMeterThread: Thread started: Thread Group 1-19
2025-07-10 14:20:49,642 INFO o.a.j.t.JMeterThread: Thread is done: Thread Group 1-19
2025-07-10 14:20:49,642 INFO o.a.j.t.JMeterThread: Thread finished: Thread Group 1-19
2025-07-10 14:20:49,724 INFO o.a.j.t.JMeterThread: Thread started: Thread Group 1-20
2025-07-10 14:20:49,747 INFO o.a.j.t.JMeterThread: Thread is done: Thread Group 1-20
2025-07-10 14:20:49,747 INFO o.a.j.t.JMeterThread: Thread finished: Thread Group 1-20
2025-07-10 14:20:50,023 INFO o.a.j.t.JMeterThread: Thread started: Thread Group 1-21
2025-07-10 14:20:50,056 INFO o.a.j.t.JMeterThread: Thread is done: Thread Group 1-21
2025-07-10 14:20:50,056 INFO o.a.j.t.JMeterThread: Thread finished: Thread Group 1-21
2025-07-10 14:20:50,323 INFO o.a.j.t.JMeterThread: Thread started: Thread Group 1-22
2025-07-10 14:20:50,373 INFO o.a.j.t.JMeterThread: Thread is done: Thread Group 1-22
2025-07-10 14:20:50,373 INFO o.a.j.t.JMeterThread: Thread finished: Thread Group 1-22
2025-07-10 14:20:50,624 INFO o.a.j.t.JMeterThread: Thread started: Thread Group 1-23
2025-07-10 14:20:50,648 INFO o.a.j.t.JMeterThread: Thread is done: Thread Group 1-23
2025-07-10 14:20:50,648 INFO o.a.j.t.JMeterThread: Thread finished: Thread Group 1-23
2025-07-10 14:20:50,923 INFO o.a.j.t.JMeterThread: Thread started: Thread Group 1-24
2025-07-10 14:20:50,950 INFO o.a.j.t.JMeterThread: Thread is done: Thread Group 1-24
2025-07-10 14:20:50,950 INFO o.a.j.t.JMeterThread: Thread finished: Thread Group 1-24
2025-07-10 14:20:51,223 INFO o.a.j.t.JMeterThread: Thread started: Thread Group 1-25
2025-07-10 14:20:51,253 INFO o.a.j.t.JMeterThread: Thread is done: Thread Group 1-25
2025-07-10 14:20:51,253 INFO o.a.j.t.JMeterThread: Thread finished: Thread Group 1-25
2025-07-10 14:20:51,523 INFO o.a.j.t.JMeterThread: Thread started: Thread Group 1-26
2025-07-10 14:20:51,564 INFO o.a.j.t.JMeterThread: Thread is done: Thread Group 1-26
2025-07-10 14:20:51,564 INFO o.a.j.t.JMeterThread: Thread finished: Thread Group 1-26
2025-07-10 14:20:51,824 INFO o.a.j.t.JMeterThread: Thread started: Thread Group 1-27
2025-07-10 14:20:51,851 INFO o.a.j.t.JMeterThread: Thread is done: Thread Group 1-27
2025-07-10 14:20:51,851 INFO o.a.j.t.JMeterThread: Thread finished: Thread Group 1-27
2025-07-10 14:20:52,124 INFO o.a.j.t.JMeterThread: Thread started: Thread Group 1-28
2025-07-10 14:20:52,161 INFO o.a.j.t.JMeterThread: Thread is done: Thread Group 1-28
2025-07-10 14:20:52,161 INFO o.a.j.t.JMeterThread: Thread finished: Thread Group 1-28
2025-07-10 14:20:52,423 INFO o.a.j.t.JMeterThread: Thread started: Thread Group 1-29
2025-07-10 14:20:52,450 INFO o.a.j.t.JMeterThread: Thread is done: Thread Group 1-29
2025-07-10 14:20:52,450 INFO o.a.j.t.JMeterThread: Thread finished: Thread Group 1-29
2025-07-10 14:20:52,722 INFO o.a.j.t.JMeterThread: Thread started: Thread Group 1-30
2025-07-10 14:20:52,794 INFO o.a.j.t.JMeterThread: Thread is done: Thread Group 1-30
2025-07-10 14:20:52,794 INFO o.a.j.t.JMeterThread: Thread finished: Thread Group 1-30
2025-07-10 14:20:53,023 INFO o.a.j.t.JMeterThread: Thread started: Thread Group 1-31
2025-07-10 14:20:53,046 INFO o.a.j.t.JMeterThread: Thread is done: Thread Group 1-31
2025-07-10 14:20:53,047 INFO o.a.j.t.JMeterThread: Thread finished: Thread Group 1-31
2025-07-10 14:20:53,323 INFO o.a.j.t.JMeterThread: Thread started: Thread Group 1-32
2025-07-10 14:20:53,349 INFO o.a.j.t.JMeterThread: Thread is done: Thread Group 1-32
2025-07-10 14:20:53,349 INFO o.a.j.t.JMeterThread: Thread finished: Thread Group 1-32
2025-07-10 14:20:53,622 INFO o.a.j.t.JMeterThread: Thread started: Thread Group 1-33
2025-07-10 14:20:53,649 INFO o.a.j.t.JMeterThread: Thread is done: Thread Group 1-33
2025-07-10 14:20:53,649 INFO o.a.j.t.JMeterThread: Thread finished: Thread Group 1-33
2025-07-10 14:20:53,922 INFO o.a.j.t.JMeterThread: Thread started: Thread Group 1-34
2025-07-10 14:20:53,947 INFO o.a.j.t.JMeterThread: Thread is done: Thread Group 1-34
2025-07-10 14:20:53,947 INFO o.a.j.t.JMeterThread: Thread finished: Thread Group 1-34
2025-07-10 14:20:54,232 INFO o.a.j.t.JMeterThread: Thread started: Thread Group 1-35
2025-07-10 14:20:54,256 INFO o.a.j.t.JMeterThread: Thread is done: Thread Group 1-35
2025-07-10 14:20:54,256 INFO o.a.j.t.JMeterThread: Thread finished: Thread Group 1-35
2025-07-10 14:20:54,525 INFO o.a.j.t.JMeterThread: Thread started: Thread Group 1-36
2025-07-10 14:20:54,556 INFO o.a.j.t.JMeterThread: Thread is done: Thread Group 1-36
2025-07-10 14:20:54,556 INFO o.a.j.t.JMeterThread: Thread finished: Thread Group 1-36
2025-07-10 14:20:54,825 INFO o.a.j.t.JMeterThread: Thread started: Thread Group 1-37
2025-07-10 14:20:55,064 INFO o.a.j.t.JMeterThread: Thread is done: Thread Group 1-37
2025-07-10 14:20:55,064 INFO o.a.j.t.JMeterThread: Thread finished: Thread Group 1-37
2025-07-10 14:20:55,123 INFO o.a.j.t.JMeterThread: Thread started: Thread Group 1-38
2025-07-10 14:20:55,152 INFO o.a.j.t.JMeterThread: Thread is done: Thread Group 1-38
2025-07-10 14:20:55,152 INFO o.a.j.t.JMeterThread: Thread finished: Thread Group 1-38
2025-07-10 14:20:55,423 INFO o.a.j.t.JMeterThread: Thread started: Thread Group 1-39
2025-07-10 14:20:55,452 INFO o.a.j.t.JMeterThread: Thread is done: Thread Group 1-39
2025-07-10 14:20:55,452 INFO o.a.j.t.JMeterThread: Thread finished: Thread Group 1-39
2025-07-10 14:20:55,723 INFO o.a.j.t.JMeterThread: Thread started: Thread Group 1-40
2025-07-10 14:20:55,944 INFO o.a.j.t.JMeterThread: Thread is done: Thread Group 1-40
2025-07-10 14:20:55,944 INFO o.a.j.t.JMeterThread: Thread finished: Thread Group 1-40
2025-07-10 14:20:56,023 INFO o.a.j.t.JMeterThread: Thread started: Thread Group 1-41
2025-07-10 14:20:56,053 INFO o.a.j.t.JMeterThread: Thread is done: Thread Group 1-41
2025-07-10 14:20:56,053 INFO o.a.j.t.JMeterThread: Thread finished: Thread Group 1-41
2025-07-10 14:20:56,323 INFO o.a.j.t.JMeterThread: Thread started: Thread Group 1-42
2025-07-10 14:20:56,554 INFO o.a.j.t.JMeterThread: Thread is done: Thread Group 1-42
2025-07-10 14:20:56,554 INFO o.a.j.t.JMeterThread: Thread finished: Thread Group 1-42
2025-07-10 14:20:56,624 INFO o.a.j.t.JMeterThread: Thread started: Thread Group 1-43
2025-07-10 14:20:56,651 INFO o.a.j.t.JMeterThread: Thread is done: Thread Group 1-43
2025-07-10 14:20:56,652 INFO o.a.j.t.JMeterThread: Thread finished: Thread Group 1-43
2025-07-10 14:20:56,922 INFO o.a.j.t.JMeterThread: Thread started: Thread Group 1-44
2025-07-10 14:20:56,947 INFO o.a.j.t.JMeterThread: Thread is done: Thread Group 1-44
2025-07-10 14:20:56,947 INFO o.a.j.t.JMeterThread: Thread finished: Thread Group 1-44
2025-07-10 14:20:57,222 INFO o.a.j.t.JMeterThread: Thread started: Thread Group 1-45
2025-07-10 14:20:57,254 INFO o.a.j.t.JMeterThread: Thread is done: Thread Group 1-45
2025-07-10 14:20:57,254 INFO o.a.j.t.JMeterThread: Thread finished: Thread Group 1-45
2025-07-10 14:20:57,522 INFO o.a.j.t.JMeterThread: Thread started: Thread Group 1-46
2025-07-10 14:20:57,739 INFO o.a.j.t.JMeterThread: Thread is done: Thread Group 1-46
2025-07-10 14:20:57,739 INFO o.a.j.t.JMeterThread: Thread finished: Thread Group 1-46
2025-07-10 14:20:57,823 INFO o.a.j.t.JMeterThread: Thread started: Thread Group 1-47
2025-07-10 14:20:57,842 INFO o.a.j.t.JMeterThread: Thread is done: Thread Group 1-47
2025-07-10 14:20:57,842 INFO o.a.j.t.JMeterThread: Thread finished: Thread Group 1-47
2025-07-10 14:20:58,123 INFO o.a.j.t.JMeterThread: Thread started: Thread Group 1-48
2025-07-10 14:20:58,143 INFO o.a.j.t.JMeterThread: Thread is done: Thread Group 1-48
2025-07-10 14:20:58,143 INFO o.a.j.t.JMeterThread: Thread finished: Thread Group 1-48
2025-07-10 14:20:58,423 INFO o.a.j.t.JMeterThread: Thread started: Thread Group 1-49
2025-07-10 14:20:58,442 INFO o.a.j.t.JMeterThread: Thread is done: Thread Group 1-49
2025-07-10 14:20:58,442 INFO o.a.j.t.JMeterThread: Thread finished: Thread Group 1-49
2025-07-10 14:20:58,723 INFO o.a.j.t.JMeterThread: Thread started: Thread Group 1-50
2025-07-10 14:20:58,951 INFO o.a.j.t.JMeterThread: Thread is done: Thread Group 1-50
2025-07-10 14:20:58,951 INFO o.a.j.t.JMeterThread: Thread finished: Thread Group 1-50
2025-07-10 14:20:59,022 INFO o.a.j.t.JMeterThread: Thread started: Thread Group 1-51
2025-07-10 14:20:59,240 INFO o.a.j.t.JMeterThread: Thread is done: Thread Group 1-51
2025-07-10 14:20:59,241 INFO o.a.j.t.JMeterThread: Thread finished: Thread Group 1-51
2025-07-10 14:20:59,323 INFO o.a.j.t.JMeterThread: Thread started: Thread Group 1-52
2025-07-10 14:20:59,354 INFO o.a.j.t.JMeterThread: Thread is done: Thread Group 1-52
2025-07-10 14:20:59,354 INFO o.a.j.t.JMeterThread: Thread finished: Thread Group 1-52
2025-07-10 14:20:59,622 INFO o.a.j.t.JMeterThread: Thread started: Thread Group 1-53
2025-07-10 14:20:59,654 INFO o.a.j.t.JMeterThread: Thread is done: Thread Group 1-53
2025-07-10 14:20:59,654 INFO o.a.j.t.JMeterThread: Thread finished: Thread Group 1-53
2025-07-10 14:20:59,924 INFO o.a.j.t.JMeterThread: Thread started: Thread Group 1-54
2025-07-10 14:20:59,967 INFO o.a.j.t.JMeterThread: Thread is done: Thread Group 1-54
2025-07-10 14:20:59,967 INFO o.a.j.t.JMeterThread: Thread finished: Thread Group 1-54
2025-07-10 14:21:00,224 INFO o.a.j.t.JMeterThread: Thread started: Thread Group 1-55
2025-07-10 14:21:00,250 INFO o.a.j.r.Summariser: summary +     55 in 00:00:16 =    3.4/s Avg:    82 Min:    19 Max:   564 Err:     0 (0.00%) Active: 1 Started: 55 Finished: 54
2025-07-10 14:21:00,250 INFO o.a.j.t.JMeterThread: Thread is done: Thread Group 1-55
2025-07-10 14:21:00,250 INFO o.a.j.t.JMeterThread: Thread finished: Thread Group 1-55
2025-07-10 14:21:00,523 INFO o.a.j.t.JMeterThread: Thread started: Thread Group 1-56
2025-07-10 14:21:00,549 INFO o.a.j.t.JMeterThread: Thread is done: Thread Group 1-56
2025-07-10 14:21:00,549 INFO o.a.j.t.JMeterThread: Thread finished: Thread Group 1-56
2025-07-10 14:21:00,822 INFO o.a.j.t.JMeterThread: Thread started: Thread Group 1-57
2025-07-10 14:21:01,056 INFO o.a.j.t.JMeterThread: Thread is done: Thread Group 1-57
2025-07-10 14:21:01,056 INFO o.a.j.t.JMeterThread: Thread finished: Thread Group 1-57
2025-07-10 14:21:01,122 INFO o.a.j.t.JMeterThread: Thread started: Thread Group 1-58
2025-07-10 14:21:01,145 INFO o.a.j.t.JMeterThread: Thread is done: Thread Group 1-58
2025-07-10 14:21:01,145 INFO o.a.j.t.JMeterThread: Thread finished: Thread Group 1-58
2025-07-10 14:21:01,423 INFO o.a.j.t.JMeterThread: Thread started: Thread Group 1-59
2025-07-10 14:21:01,457 INFO o.a.j.t.JMeterThread: Thread is done: Thread Group 1-59
2025-07-10 14:21:01,457 INFO o.a.j.t.JMeterThread: Thread finished: Thread Group 1-59
2025-07-10 14:21:01,723 INFO o.a.j.t.JMeterThread: Thread started: Thread Group 1-60
2025-07-10 14:21:01,748 INFO o.a.j.t.JMeterThread: Thread is done: Thread Group 1-60
2025-07-10 14:21:01,748 INFO o.a.j.t.JMeterThread: Thread finished: Thread Group 1-60
2025-07-10 14:21:02,024 INFO o.a.j.t.JMeterThread: Thread started: Thread Group 1-61
2025-07-10 14:21:02,057 INFO o.a.j.t.JMeterThread: Thread is done: Thread Group 1-61
2025-07-10 14:21:02,057 INFO o.a.j.t.JMeterThread: Thread finished: Thread Group 1-61
2025-07-10 14:21:02,327 INFO o.a.j.t.JMeterThread: Thread started: Thread Group 1-62
2025-07-10 14:21:02,357 INFO o.a.j.t.JMeterThread: Thread is done: Thread Group 1-62
2025-07-10 14:21:02,357 INFO o.a.j.t.JMeterThread: Thread finished: Thread Group 1-62
2025-07-10 14:21:02,623 INFO o.a.j.t.JMeterThread: Thread started: Thread Group 1-63
2025-07-10 14:21:02,664 INFO o.a.j.t.JMeterThread: Thread is done: Thread Group 1-63
2025-07-10 14:21:02,664 INFO o.a.j.t.JMeterThread: Thread finished: Thread Group 1-63
2025-07-10 14:21:02,922 INFO o.a.j.t.JMeterThread: Thread started: Thread Group 1-64
2025-07-10 14:21:02,941 INFO o.a.j.t.JMeterThread: Thread is done: Thread Group 1-64
2025-07-10 14:21:02,942 INFO o.a.j.t.JMeterThread: Thread finished: Thread Group 1-64
2025-07-10 14:21:03,223 INFO o.a.j.t.JMeterThread: Thread started: Thread Group 1-65
2025-07-10 14:21:03,271 INFO o.a.j.t.JMeterThread: Thread is done: Thread Group 1-65
2025-07-10 14:21:03,271 INFO o.a.j.t.JMeterThread: Thread finished: Thread Group 1-65
2025-07-10 14:21:03,524 INFO o.a.j.t.JMeterThread: Thread started: Thread Group 1-66
2025-07-10 14:21:03,548 INFO o.a.j.t.JMeterThread: Thread is done: Thread Group 1-66
2025-07-10 14:21:03,548 INFO o.a.j.t.JMeterThread: Thread finished: Thread Group 1-66
2025-07-10 14:21:03,825 INFO o.a.j.t.JMeterThread: Thread started: Thread Group 1-67
2025-07-10 14:21:03,853 INFO o.a.j.t.JMeterThread: Thread is done: Thread Group 1-67
2025-07-10 14:21:03,853 INFO o.a.j.t.JMeterThread: Thread finished: Thread Group 1-67
2025-07-10 14:21:04,123 INFO o.a.j.t.JMeterThread: Thread started: Thread Group 1-68
2025-07-10 14:21:04,146 INFO o.a.j.t.JMeterThread: Thread is done: Thread Group 1-68
2025-07-10 14:21:04,146 INFO o.a.j.t.JMeterThread: Thread finished: Thread Group 1-68
2025-07-10 14:21:04,423 INFO o.a.j.t.JMeterThread: Thread started: Thread Group 1-69
2025-07-10 14:21:04,450 INFO o.a.j.t.JMeterThread: Thread is done: Thread Group 1-69
2025-07-10 14:21:04,450 INFO o.a.j.t.JMeterThread: Thread finished: Thread Group 1-69
2025-07-10 14:21:04,723 INFO o.a.j.t.JMeterThread: Thread started: Thread Group 1-70
2025-07-10 14:21:04,743 INFO o.a.j.t.JMeterThread: Thread is done: Thread Group 1-70
2025-07-10 14:21:04,743 INFO o.a.j.t.JMeterThread: Thread finished: Thread Group 1-70
2025-07-10 14:21:05,023 INFO o.a.j.t.JMeterThread: Thread started: Thread Group 1-71
2025-07-10 14:21:05,053 INFO o.a.j.t.JMeterThread: Thread is done: Thread Group 1-71
2025-07-10 14:21:05,053 INFO o.a.j.t.JMeterThread: Thread finished: Thread Group 1-71
2025-07-10 14:21:05,322 INFO o.a.j.t.JMeterThread: Thread started: Thread Group 1-72
2025-07-10 14:21:05,360 INFO o.a.j.t.JMeterThread: Thread is done: Thread Group 1-72
2025-07-10 14:21:05,360 INFO o.a.j.t.JMeterThread: Thread finished: Thread Group 1-72
2025-07-10 14:21:05,624 INFO o.a.j.t.JMeterThread: Thread started: Thread Group 1-73
2025-07-10 14:21:05,645 INFO o.a.j.t.JMeterThread: Thread is done: Thread Group 1-73
2025-07-10 14:21:05,645 INFO o.a.j.t.JMeterThread: Thread finished: Thread Group 1-73
2025-07-10 14:21:05,923 INFO o.a.j.t.JMeterThread: Thread started: Thread Group 1-74
2025-07-10 14:21:05,947 INFO o.a.j.t.JMeterThread: Thread is done: Thread Group 1-74
2025-07-10 14:21:05,947 INFO o.a.j.t.JMeterThread: Thread finished: Thread Group 1-74
2025-07-10 14:21:06,222 INFO o.a.j.t.JMeterThread: Thread started: Thread Group 1-75
2025-07-10 14:21:06,256 INFO o.a.j.t.JMeterThread: Thread is done: Thread Group 1-75
2025-07-10 14:21:06,256 INFO o.a.j.t.JMeterThread: Thread finished: Thread Group 1-75
2025-07-10 14:21:06,522 INFO o.a.j.t.JMeterThread: Thread started: Thread Group 1-76
2025-07-10 14:21:06,553 INFO o.a.j.t.JMeterThread: Thread is done: Thread Group 1-76
2025-07-10 14:21:06,553 INFO o.a.j.t.JMeterThread: Thread finished: Thread Group 1-76
2025-07-10 14:21:06,822 INFO o.a.j.t.JMeterThread: Thread started: Thread Group 1-77
2025-07-10 14:21:07,122 INFO o.a.j.t.JMeterThread: Thread started: Thread Group 1-78
2025-07-10 14:21:07,138 INFO o.a.j.t.JMeterThread: Thread is done: Thread Group 1-77
2025-07-10 14:21:07,138 INFO o.a.j.t.JMeterThread: Thread finished: Thread Group 1-77
2025-07-10 14:21:07,358 INFO o.a.j.t.JMeterThread: Thread is done: Thread Group 1-78
2025-07-10 14:21:07,358 INFO o.a.j.t.JMeterThread: Thread finished: Thread Group 1-78
2025-07-10 14:21:07,423 INFO o.a.j.t.JMeterThread: Thread started: Thread Group 1-79
2025-07-10 14:21:07,445 INFO o.a.j.t.JMeterThread: Thread is done: Thread Group 1-79
2025-07-10 14:21:07,445 INFO o.a.j.t.JMeterThread: Thread finished: Thread Group 1-79
2025-07-10 14:21:07,723 INFO o.a.j.t.JMeterThread: Thread started: Thread Group 1-80
2025-07-10 14:21:07,940 INFO o.a.j.t.JMeterThread: Thread is done: Thread Group 1-80
2025-07-10 14:21:07,940 INFO o.a.j.t.JMeterThread: Thread finished: Thread Group 1-80
2025-07-10 14:21:08,023 INFO o.a.j.t.JMeterThread: Thread started: Thread Group 1-81
2025-07-10 14:21:08,255 INFO o.a.j.t.JMeterThread: Thread is done: Thread Group 1-81
2025-07-10 14:21:08,255 INFO o.a.j.t.JMeterThread: Thread finished: Thread Group 1-81
2025-07-10 14:21:08,323 INFO o.a.j.t.JMeterThread: Thread started: Thread Group 1-82
2025-07-10 14:21:08,356 INFO o.a.j.t.JMeterThread: Thread is done: Thread Group 1-82
2025-07-10 14:21:08,356 INFO o.a.j.t.JMeterThread: Thread finished: Thread Group 1-82
2025-07-10 14:21:08,623 INFO o.a.j.t.JMeterThread: Thread started: Thread Group 1-83
2025-07-10 14:21:08,652 INFO o.a.j.t.JMeterThread: Thread is done: Thread Group 1-83
2025-07-10 14:21:08,652 INFO o.a.j.t.JMeterThread: Thread finished: Thread Group 1-83
2025-07-10 14:21:08,923 INFO o.a.j.t.JMeterThread: Thread started: Thread Group 1-84
2025-07-10 14:21:08,950 INFO o.a.j.t.JMeterThread: Thread is done: Thread Group 1-84
2025-07-10 14:21:08,950 INFO o.a.j.t.JMeterThread: Thread finished: Thread Group 1-84
2025-07-10 14:21:09,223 INFO o.a.j.t.JMeterThread: Thread started: Thread Group 1-85
2025-07-10 14:21:09,259 INFO o.a.j.t.JMeterThread: Thread is done: Thread Group 1-85
2025-07-10 14:21:09,260 INFO o.a.j.t.JMeterThread: Thread finished: Thread Group 1-85
2025-07-10 14:21:09,523 INFO o.a.j.t.JMeterThread: Thread started: Thread Group 1-86
2025-07-10 14:21:09,552 INFO o.a.j.t.JMeterThread: Thread is done: Thread Group 1-86
2025-07-10 14:21:09,552 INFO o.a.j.t.JMeterThread: Thread finished: Thread Group 1-86
2025-07-10 14:21:09,822 INFO o.a.j.t.JMeterThread: Thread started: Thread Group 1-87
2025-07-10 14:21:09,868 INFO o.a.j.t.JMeterThread: Thread is done: Thread Group 1-87
2025-07-10 14:21:09,868 INFO o.a.j.t.JMeterThread: Thread finished: Thread Group 1-87
2025-07-10 14:21:10,122 INFO o.a.j.t.JMeterThread: Thread started: Thread Group 1-88
2025-07-10 14:21:10,150 INFO o.a.j.t.JMeterThread: Thread is done: Thread Group 1-88
2025-07-10 14:21:10,150 INFO o.a.j.t.JMeterThread: Thread finished: Thread Group 1-88
2025-07-10 14:21:10,422 INFO o.a.j.t.JMeterThread: Thread started: Thread Group 1-89
2025-07-10 14:21:10,450 INFO o.a.j.t.JMeterThread: Thread is done: Thread Group 1-89
2025-07-10 14:21:10,450 INFO o.a.j.t.JMeterThread: Thread finished: Thread Group 1-89
2025-07-10 14:21:10,722 INFO o.a.j.t.JMeterThread: Thread started: Thread Group 1-90
2025-07-10 14:21:10,751 INFO o.a.j.t.JMeterThread: Thread is done: Thread Group 1-90
2025-07-10 14:21:10,751 INFO o.a.j.t.JMeterThread: Thread finished: Thread Group 1-90
2025-07-10 14:21:11,023 INFO o.a.j.t.JMeterThread: Thread started: Thread Group 1-91
2025-07-10 14:21:11,050 INFO o.a.j.t.JMeterThread: Thread is done: Thread Group 1-91
2025-07-10 14:21:11,051 INFO o.a.j.t.JMeterThread: Thread finished: Thread Group 1-91
2025-07-10 14:21:11,323 INFO o.a.j.t.JMeterThread: Thread started: Thread Group 1-92
2025-07-10 14:21:11,541 INFO o.a.j.t.JMeterThread: Thread is done: Thread Group 1-92
2025-07-10 14:21:11,541 INFO o.a.j.t.JMeterThread: Thread finished: Thread Group 1-92
2025-07-10 14:21:11,622 INFO o.a.j.t.JMeterThread: Thread started: Thread Group 1-93
2025-07-10 14:21:11,645 INFO o.a.j.t.JMeterThread: Thread is done: Thread Group 1-93
2025-07-10 14:21:11,645 INFO o.a.j.t.JMeterThread: Thread finished: Thread Group 1-93
2025-07-10 14:21:11,922 INFO o.a.j.t.JMeterThread: Thread started: Thread Group 1-94
2025-07-10 14:21:11,948 INFO o.a.j.t.JMeterThread: Thread is done: Thread Group 1-94
2025-07-10 14:21:11,948 INFO o.a.j.t.JMeterThread: Thread finished: Thread Group 1-94
2025-07-10 14:21:12,222 INFO o.a.j.t.JMeterThread: Thread started: Thread Group 1-95
2025-07-10 14:21:12,249 INFO o.a.j.t.JMeterThread: Thread is done: Thread Group 1-95
2025-07-10 14:21:12,249 INFO o.a.j.t.JMeterThread: Thread finished: Thread Group 1-95
2025-07-10 14:21:12,522 INFO o.a.j.t.JMeterThread: Thread started: Thread Group 1-96
2025-07-10 14:21:12,755 INFO o.a.j.t.JMeterThread: Thread is done: Thread Group 1-96
2025-07-10 14:21:12,755 INFO o.a.j.t.JMeterThread: Thread finished: Thread Group 1-96
2025-07-10 14:21:12,823 INFO o.a.j.t.JMeterThread: Thread started: Thread Group 1-97
2025-07-10 14:21:12,847 INFO o.a.j.t.JMeterThread: Thread is done: Thread Group 1-97
2025-07-10 14:21:12,847 INFO o.a.j.t.JMeterThread: Thread finished: Thread Group 1-97
2025-07-10 14:21:13,124 INFO o.a.j.t.JMeterThread: Thread started: Thread Group 1-98
2025-07-10 14:21:13,154 INFO o.a.j.t.JMeterThread: Thread is done: Thread Group 1-98
2025-07-10 14:21:13,154 INFO o.a.j.t.JMeterThread: Thread finished: Thread Group 1-98
2025-07-10 14:21:13,422 INFO o.a.j.t.JMeterThread: Thread started: Thread Group 1-99
2025-07-10 14:21:13,646 INFO o.a.j.t.JMeterThread: Thread is done: Thread Group 1-99
2025-07-10 14:21:13,646 INFO o.a.j.t.JMeterThread: Thread finished: Thread Group 1-99
2025-07-10 14:21:13,723 INFO o.a.j.t.JMeterThread: Thread started: Thread Group 1-100
2025-07-10 14:21:13,746 INFO o.a.j.t.JMeterThread: Thread is done: Thread Group 1-100
2025-07-10 14:21:13,746 INFO o.a.j.t.JMeterThread: Thread finished: Thread Group 1-100
2025-07-10 14:21:13,746 INFO o.a.j.e.StandardJMeterEngine: Notifying test listeners of end of test
2025-07-10 14:21:13,747 INFO o.a.j.r.Summariser: summary +     45 in 00:00:13 =    3.3/s Avg:    65 Min:    18 Max:   315 Err:     0 (0.00%) Active: 0 Started: 100 Finished: 100
2025-07-10 14:21:13,748 INFO o.a.j.r.Summariser: summary =    100 in 00:00:30 =    3.4/s Avg:    74 Min:    18 Max:   564 Err:     0 (0.00%)
2025-07-10 14:21:13,750 INFO o.a.j.JMeter: Generating Dashboard
2025-07-10 14:21:13,750 INFO o.a.j.r.d.ReportGenerator: Flushing result collector before report Generation
2025-07-10 14:21:13,773 INFO o.a.j.r.p.NormalizerSampleConsumer: Using format, 'ms', to parse timeStamp field
2025-07-10 14:21:13,842 INFO o.a.j.r.p.AbstractSampleConsumer: class org.apache.jmeter.report.processor.AggregateConsumer#stopProducing(): beginDate produced 0 samples
2025-07-10 14:21:13,842 INFO o.a.j.r.p.AbstractSampleConsumer: class org.apache.jmeter.report.processor.AggregateConsumer#stopProducing(): endDate produced 0 samples
2025-07-10 14:21:13,845 INFO o.a.j.r.p.AbstractSampleConsumer: class org.apache.jmeter.report.processor.ApdexSummaryConsumer#stopProducing(): apdexSummary produced 0 samples
2025-07-10 14:21:13,845 INFO o.a.j.r.p.AbstractSampleConsumer: class org.apache.jmeter.report.processor.RequestsSummaryConsumer#stopProducing(): requestsSummary produced 0 samples
2025-07-10 14:21:13,848 INFO o.a.j.r.p.AbstractSampleConsumer: class org.apache.jmeter.report.processor.StatisticsSummaryConsumer#stopProducing(): statisticsSummary produced 0 samples
2025-07-10 14:21:13,849 INFO o.a.j.r.p.AbstractSampleConsumer: class org.apache.jmeter.report.processor.Top5ErrorsBySamplerConsumer#stopProducing(): top5ErrorsBySampler produced 0 samples
2025-07-10 14:21:13,849 INFO o.a.j.r.p.AbstractSampleConsumer: class org.apache.jmeter.report.processor.ErrorsSummaryConsumer#stopProducing(): errorsSummary produced 0 samples
2025-07-10 14:21:13,849 INFO o.a.j.r.p.AbstractSampleConsumer: class org.apache.jmeter.report.processor.graph.impl.HitsPerSecondGraphConsumer#stopProducing(): hitsPerSecond produced 0 samples
2025-07-10 14:21:13,877 INFO o.a.j.r.p.AbstractSampleConsumer: class org.apache.jmeter.report.processor.graph.impl.LatencyVSRequestGraphConsumer#stopProducing(): latencyVsRequest produced 0 samples
2025-07-10 14:21:13,877 INFO o.a.j.r.p.AbstractSampleConsumer: class org.apache.jmeter.report.processor.graph.impl.SyntheticResponseTimeDistributionGraphConsumer#stopProducing(): syntheticResponseTimeDistribution produced 0 samples
2025-07-10 14:21:13,878 INFO o.a.j.r.p.AbstractSampleConsumer: class org.apache.jmeter.report.processor.graph.impl.BytesThroughputGraphConsumer#stopProducing(): bytesThroughputOverTime produced 0 samples
2025-07-10 14:21:13,878 INFO o.a.j.r.p.AbstractSampleConsumer: class org.apache.jmeter.report.processor.graph.impl.CodesPerSecondGraphConsumer#stopProducing(): codesPerSecond produced 0 samples
2025-07-10 14:21:13,896 INFO o.a.j.r.p.AbstractSampleConsumer: class org.apache.jmeter.report.processor.graph.impl.ResponseTimeVSRequestGraphConsumer#stopProducing(): responseTimeVsRequest produced 0 samples
2025-07-10 14:21:13,896 INFO o.a.j.r.p.AbstractSampleConsumer: class org.apache.jmeter.report.processor.FilterConsumer#stopProducing(): startIntervalControlerFilter produced 700 samples
2025-07-10 14:21:13,896 INFO o.a.j.r.p.AbstractSampleConsumer: class org.apache.jmeter.report.processor.graph.impl.TotalTPSGraphConsumer#stopProducing(): totalTPS produced 0 samples
2025-07-10 14:21:13,897 INFO o.a.j.r.p.AbstractSampleConsumer: class org.apache.jmeter.report.processor.graph.impl.ActiveThreadsGraphConsumer#stopProducing(): activeThreadsOverTime produced 0 samples
2025-07-10 14:21:13,897 INFO o.a.j.r.p.AbstractSampleConsumer: class org.apache.jmeter.report.processor.graph.impl.TimeVSThreadGraphConsumer#stopProducing(): timeVsThreads produced 0 samples
2025-07-10 14:21:13,897 INFO o.a.j.r.p.AbstractSampleConsumer: class org.apache.jmeter.report.processor.graph.impl.ResponseTimeDistributionGraphConsumer#stopProducing(): responseTimeDistribution produced 0 samples
2025-07-10 14:21:13,897 INFO o.a.j.r.p.AbstractSampleConsumer: class org.apache.jmeter.report.processor.graph.impl.TransactionsPerSecondGraphConsumer#stopProducing(): transactionsPerSecond produced 0 samples
2025-07-10 14:21:13,897 INFO o.a.j.r.p.AbstractSampleConsumer: class org.apache.jmeter.report.processor.graph.impl.ResponseTimePercentilesGraphConsumer#stopProducing(): responseTimePercentiles produced 0 samples
2025-07-10 14:21:13,898 INFO o.a.j.r.p.AbstractSampleConsumer: class org.apache.jmeter.report.processor.graph.impl.ResponseTimePercentilesOverTimeGraphConsumer#stopProducing(): responseTimePercentilesOverTime produced 0 samples
2025-07-10 14:21:13,898 INFO o.a.j.r.p.AbstractSampleConsumer: class org.apache.jmeter.report.processor.graph.impl.ResponseTimeOverTimeGraphConsumer#stopProducing(): responseTimesOverTime produced 0 samples
2025-07-10 14:21:13,898 INFO o.a.j.r.p.AbstractSampleConsumer: class org.apache.jmeter.report.processor.graph.impl.ConnectTimeOverTimeGraphConsumer#stopProducing(): connectTimeOverTime produced 0 samples
2025-07-10 14:21:13,898 INFO o.a.j.r.p.AbstractSampleConsumer: class org.apache.jmeter.report.processor.graph.impl.LatencyOverTimeGraphConsumer#stopProducing(): latenciesOverTime produced 0 samples
2025-07-10 14:21:13,898 INFO o.a.j.r.p.AbstractSampleConsumer: class org.apache.jmeter.report.processor.FilterConsumer#stopProducing(): nameFilter produced 1500 samples
2025-07-10 14:21:13,898 INFO o.a.j.r.p.AbstractSampleConsumer: class org.apache.jmeter.report.processor.FilterConsumer#stopProducing(): dateRangeFilter produced 300 samples
2025-07-10 14:21:13,898 INFO o.a.j.r.p.AbstractSampleConsumer: class org.apache.jmeter.report.processor.NormalizerSampleConsumer#stopProducing(): normalizer produced 100 samples
2025-07-10 14:21:13,898 INFO o.a.j.r.p.CsvFileSampleSource: produce(): 100 samples produced in 107ms on channel 0
2025-07-10 14:21:13,898 INFO o.a.j.r.d.ReportGenerator: Exporting data using exporter:'json' of className:'org.apache.jmeter.report.dashboard.JsonExporter'
2025-07-10 14:21:13,955 INFO o.a.j.r.d.JsonExporter: Found data for consumer statisticsSummary in context
2025-07-10 14:21:13,955 INFO o.a.j.r.d.JsonExporter: Creating statistics for overall
2025-07-10 14:21:13,955 INFO o.a.j.r.d.JsonExporter: Creating statistics for other transactions
2025-07-10 14:21:13,955 INFO o.a.j.r.d.JsonExporter: Checking output folder
2025-07-10 14:21:13,957 INFO o.a.j.r.d.JsonExporter: Writing statistics JSON to D:\apache-jmeter-5.6.3\bin\jmeter-performance-test\HTMLReport\statistics.json
2025-07-10 14:21:13,994 INFO o.a.j.r.d.ReportGenerator: Exporting data using exporter:'html' of className:'org.apache.jmeter.report.dashboard.HtmlTemplateExporter'
2025-07-10 14:21:13,996 INFO o.a.j.r.d.HtmlTemplateExporter: Will generate dashboard in folder: D:\apache-jmeter-5.6.3\bin\jmeter-performance-test\HTMLReport
2025-07-10 14:21:14,079 INFO o.a.j.r.d.HtmlTemplateExporter: Report will be generated in: D:\apache-jmeter-5.6.3\bin\jmeter-performance-test\HTMLReport, creating folder structure
2025-07-10 14:21:14,081 INFO o.a.j.r.d.TemplateVisitor: Copying folder from 'D:\apache-jmeter-5.6.3\bin\report-template' to 'D:\apache-jmeter-5.6.3\bin\jmeter-performance-test\HTMLReport', got message: D:\apache-jmeter-5.6.3\bin\jmeter-performance-test\HTMLReport, found non empty folder with following content [D:\apache-jmeter-5.6.3\bin\jmeter-performance-test\HTMLReport\statistics.json], will be ignored
2025-07-10 14:21:14,258 INFO o.a.j.JMeter: Dashboard generated
